\BOOKMARK [1][-]{section.1}{Introdu\347\343o}{}% 1
\BOOKMARK [2][-]{subsection.1.1}{Objetivo}{section.1}% 2
\BOOKMARK [2][-]{subsection.1.2}{Considera\347\365es adicionais}{section.1}% 3
\BOOKMARK [1][-]{section.2}{O SuLi}{}% 4
\BOOKMARK [2][-]{subsection.2.1}{Pr\351-Requisitos}{section.2}% 5
\BOOKMARK [2][-]{subsection.2.2}{Instala\347\343o}{section.2}% 6
\BOOKMARK [3][-]{subsubsection.2.2.1}{Usu\341rios de Windows}{subsection.2.2}% 7
\BOOKMARK [3][-]{subsubsection.2.2.2}{Para usu\341rios Linux e Windows}{subsection.2.2}% 8
\BOOKMARK [2][-]{subsection.2.3}{Estrutura}{section.2}% 9
\BOOKMARK [2][-]{subsection.2.4}{Compilando}{section.2}% 10
\BOOKMARK [2][-]{subsection.2.5}{Rodando}{section.2}% 11
\BOOKMARK [1][-]{section.3}{Personalizando o c\363digo}{}% 12
\BOOKMARK [2][-]{subsection.3.1}{Definindo o dom\355nio}{section.3}% 13
\BOOKMARK [2][-]{subsection.3.2}{Condi\347\365es e Configura\347\365es Iniciais}{section.3}% 14
\BOOKMARK [3][-]{subsubsection.3.2.1}{M\351todos De Evolu\347\343o Temporal\262}{subsection.3.2}% 15
\BOOKMARK [3][-]{subsubsection.3.2.2}{Termo Advectivo}{subsection.3.2}% 16
\BOOKMARK [3][-]{subsubsection.3.2.3}{Derivada Espacial}{subsection.3.2}% 17
\BOOKMARK [3][-]{subsubsection.3.2.4}{Obst\341culos}{subsection.3.2}% 18
\BOOKMARK [3][-]{subsubsection.3.2.5}{Modelo de Turbul\352ncia}{subsection.3.2}% 19
\BOOKMARK [3][-]{subsubsection.3.2.6}{Ondas}{subsection.3.2}% 20
\BOOKMARK [3][-]{subsubsection.3.2.7}{Plotagem\262}{subsection.3.2}% 21
\BOOKMARK [3][-]{subsubsection.3.2.8}{M\351todo da Solu\347\343o Manufaturada}{subsection.3.2}% 22
\BOOKMARK [3][-]{subsubsection.3.2.9}{Coeficientes Espec\355ficos}{subsection.3.2}% 23
\BOOKMARK [3][-]{subsubsection.3.2.10}{Camada Esponja}{subsection.3.2}% 24
\BOOKMARK [3][-]{subsubsection.3.2.11}{Ativa\347\343o do coeficiente de Chezy\271}{subsection.3.2}% 25
\BOOKMARK [2][-]{subsection.3.3}{Condi\347\365es de Contorno}{section.3}% 26
\BOOKMARK [2][-]{subsection.3.4}{Fun\347\365es auxiliares}{section.3}% 27
\BOOKMARK [3][-]{subsubsection.3.4.1}{Obst\341culos}{subsection.3.4}% 28
\BOOKMARK [3][-]{subsubsection.3.4.2}{Level-Set\262}{subsection.3.4}% 29
\BOOKMARK [3][-]{subsubsection.3.4.3}{Restart\262}{subsection.3.4}% 30
\BOOKMARK [1][-]{section.4}{Visualiza\347\343o Dos Resultados}{}% 31
\BOOKMARK [1][-]{appendix.A}{Ap\352ndice: Ambiente Ubuntu no Windows}{}% 32
\BOOKMARK [1][-]{section*.40}{Bibliografia}{}% 33
